d:\diplomski_rad\ai27-2014-cloth-simulation\ai27_2014_cloth_simulation\debug\vc142.pdb
d:\diplomski_rad\ai27-2014-cloth-simulation\ai27_2014_cloth_simulation\debug\vc142.idb
d:\diplomski_rad\ai27-2014-cloth-simulation\ai27_2014_cloth_simulation\debug\application.obj
d:\diplomski_rad\ai27-2014-cloth-simulation\ai27_2014_cloth_simulation\debug\imgui_widgets.obj
d:\diplomski_rad\ai27-2014-cloth-simulation\ai27_2014_cloth_simulation\debug\imgui_tables.obj
d:\diplomski_rad\ai27-2014-cloth-simulation\ai27_2014_cloth_simulation\debug\imgui_impl_opengl3.obj
d:\diplomski_rad\ai27-2014-cloth-simulation\ai27_2014_cloth_simulation\debug\imgui_impl_glfw.obj
d:\diplomski_rad\ai27-2014-cloth-simulation\ai27_2014_cloth_simulation\debug\imgui_draw.obj
d:\diplomski_rad\ai27-2014-cloth-simulation\ai27_2014_cloth_simulation\debug\imgui_demo.obj
d:\diplomski_rad\ai27-2014-cloth-simulation\ai27_2014_cloth_simulation\debug\imgui.obj
d:\diplomski_rad\ai27-2014-cloth-simulation\ai27_2014_cloth_simulation\debug\glad.obj
d:\diplomski_rad\ai27-2014-cloth-simulation\ai27_2014_cloth_simulation\debug\ai27_2014_cloth_simulation.ilk
d:\diplomski_rad\ai27-2014-cloth-simulation\ai27_2014_cloth_simulation\debug\ai27_2014_cloth_simulation.exe
d:\diplomski_rad\ai27-2014-cloth-simulation\ai27_2014_cloth_simulation\debug\ai27_2014_cloth_simulation.pdb
d:\diplomski_rad\ai27-2014-cloth-simulation\ai27_2014_cloth_simulation\debug\ai27_201.03a6d7b8.tlog\cl.command.1.tlog
d:\diplomski_rad\ai27-2014-cloth-simulation\ai27_2014_cloth_simulation\debug\ai27_201.03a6d7b8.tlog\cl.read.1.tlog
d:\diplomski_rad\ai27-2014-cloth-simulation\ai27_2014_cloth_simulation\debug\ai27_201.03a6d7b8.tlog\cl.write.1.tlog
d:\diplomski_rad\ai27-2014-cloth-simulation\ai27_2014_cloth_simulation\debug\ai27_201.03a6d7b8.tlog\link.command.1.tlog
d:\diplomski_rad\ai27-2014-cloth-simulation\ai27_2014_cloth_simulation\debug\ai27_201.03a6d7b8.tlog\link.read.1.tlog
d:\diplomski_rad\ai27-2014-cloth-simulation\ai27_2014_cloth_simulation\debug\ai27_201.03a6d7b8.tlog\link.write.1.tlog
